<?xml version="1.0" encoding="UTF-8"?>
<testng-results ignored="0" total="1" passed="1" failed="0" skipped="0">
  <reporter-output>
  </reporter-output>
  <suite started-at="2024-08-22T08:31:39 IST" name="Default suite" finished-at="2024-08-22T08:31:45 IST" duration-ms="5632">
    <groups>
      <group name="cucumber">
        <method signature="AbstractTestNGCucumberTests.runScenario(io.cucumber.testng.PickleWrapper,io.cucumber.testng.FeatureWrapper)[pri:0, instance:runner.campaginRunner@8458f04]" name="runScenario" class="io.cucumber.testng.AbstractTestNGCucumberTests"/>
      </group> <!-- cucumber -->
    </groups>
    <test started-at="2024-08-22T08:31:39 IST" name="Default test" finished-at="2024-08-22T08:31:45 IST" duration-ms="5632">
      <class name="runner.campaginRunner">
        <test-method is-config="true" signature="setUpClass(org.testng.ITestContext)[pri:0, instance:runner.campaginRunner@8458f04]" started-at="2024-08-22T08:31:39 IST" name="setUpClass" finished-at="2024-08-22T08:31:42 IST" duration-ms="2701" status="PASS">
          <params>
            <param index="0">
              <value>
                <![CDATA[org.testng.TestRunner@39008c9f]]>
              </value>
            </param>
          </params>
          <reporter-output>
          </reporter-output>
        </test-method> <!-- setUpClass -->
        <test-method signature="runScenario(io.cucumber.testng.PickleWrapper,io.cucumber.testng.FeatureWrapper)[pri:0, instance:runner.campaginRunner@8458f04]" started-at="2024-08-22T08:31:42 IST" name="runScenario" description="Runs Cucumber Scenarios" data-provider="scenarios" finished-at="2024-08-22T08:31:42 IST" duration-ms="391" status="PASS">
          <params>
            <param index="0">
              <value>
                <![CDATA["campagin creation"]]>
              </value>
            </param>
            <param index="1">
              <value>
                <![CDATA["Campagin functionality"]]>
              </value>
            </param>
          </params>
          <reporter-output>
          </reporter-output>
        </test-method> <!-- runScenario -->
        <test-method is-config="true" signature="tearDownClass()[pri:0, instance:runner.campaginRunner@8458f04]" started-at="2024-08-22T08:31:42 IST" name="tearDownClass" finished-at="2024-08-22T08:31:45 IST" duration-ms="2292" status="PASS">
          <reporter-output>
          </reporter-output>
        </test-method> <!-- tearDownClass -->
      </class> <!-- runner.campaginRunner -->
    </test> <!-- Default test -->
  </suite> <!-- Default suite -->
</testng-results>
